mode: set
github.com/usercurd/services/users/services.go:14.40,16.2 1 0
github.com/usercurd/services/users/services.go:17.64,20.2 2 0
github.com/usercurd/services/users/services.go:22.51,26.2 3 0
github.com/usercurd/services/users/services.go:28.56,31.2 2 0
github.com/usercurd/services/users/services.go:33.53,36.2 2 0
github.com/usercurd/services/users/services.go:38.55,42.16 2 0
github.com/usercurd/services/users/services.go:45.2,46.16 2 0
github.com/usercurd/services/users/services.go:49.2,49.17 1 0
github.com/usercurd/services/users/services.go:42.16,44.3 1 0
github.com/usercurd/services/users/services.go:46.16,48.3 1 0
github.com/usercurd/main.go:15.13,17.16 2 0
github.com/usercurd/main.go:20.2,33.22 11 0
github.com/usercurd/main.go:17.16,19.3 1 0
github.com/usercurd/handler/users/http.go:18.72,26.16 5 1
github.com/usercurd/handler/users/http.go:32.2,34.16 2 1
github.com/usercurd/handler/users/http.go:39.2,41.30 3 1
github.com/usercurd/handler/users/http.go:26.16,31.3 3 1
github.com/usercurd/handler/users/http.go:34.16,38.3 3 1
github.com/usercurd/handler/users/http.go:44.71,47.16 3 1
github.com/usercurd/handler/users/http.go:52.2,54.30 3 1
github.com/usercurd/handler/users/http.go:47.16,51.3 3 1
github.com/usercurd/handler/users/http.go:57.71,63.16 5 1
github.com/usercurd/handler/users/http.go:69.2,71.16 2 1
github.com/usercurd/handler/users/http.go:77.2,80.33 4 1
github.com/usercurd/handler/users/http.go:63.16,68.3 4 0
github.com/usercurd/handler/users/http.go:71.16,76.3 3 0
github.com/usercurd/handler/users/http.go:83.71,89.16 5 1
github.com/usercurd/handler/users/http.go:95.2,97.16 2 1
github.com/usercurd/handler/users/http.go:104.2,105.12 2 1
github.com/usercurd/handler/users/http.go:89.16,94.3 4 0
github.com/usercurd/handler/users/http.go:97.16,103.3 3 0
github.com/usercurd/handler/users/http.go:108.71,116.16 5 1
github.com/usercurd/handler/users/http.go:121.2,123.16 2 1
github.com/usercurd/handler/users/http.go:128.2,129.12 2 1
github.com/usercurd/handler/users/http.go:116.16,120.3 3 0
github.com/usercurd/handler/users/http.go:123.16,127.3 3 1
github.com/usercurd/services/mock_interface.go:25.53,29.2 3 1
github.com/usercurd/services/mock_interface.go:32.51,34.2 1 1
github.com/usercurd/services/mock_interface.go:37.65,43.2 5 1
github.com/usercurd/services/mock_interface.go:46.70,49.2 2 1
github.com/usercurd/services/mock_interface.go:52.52,58.2 5 1
github.com/usercurd/services/mock_interface.go:61.55,64.2 2 1
github.com/usercurd/services/mock_interface.go:67.57,73.2 5 1
github.com/usercurd/services/mock_interface.go:76.70,79.2 2 1
github.com/usercurd/services/mock_interface.go:82.54,87.2 4 1
github.com/usercurd/services/mock_interface.go:90.75,93.2 2 1
github.com/usercurd/services/mock_interface.go:96.56,102.2 5 1
github.com/usercurd/services/mock_interface.go:105.69,108.2 2 1
github.com/usercurd/stores/mock_interface.go:25.53,29.2 3 0
github.com/usercurd/stores/mock_interface.go:32.51,34.2 1 0
github.com/usercurd/stores/mock_interface.go:37.65,43.2 5 0
github.com/usercurd/stores/mock_interface.go:46.70,49.2 2 0
github.com/usercurd/stores/mock_interface.go:52.52,58.2 5 0
github.com/usercurd/stores/mock_interface.go:61.55,64.2 2 0
github.com/usercurd/stores/mock_interface.go:67.57,73.2 5 0
github.com/usercurd/stores/mock_interface.go:76.70,79.2 2 0
github.com/usercurd/stores/mock_interface.go:82.54,87.2 4 0
github.com/usercurd/stores/mock_interface.go:90.75,93.2 2 0
github.com/usercurd/stores/mock_interface.go:96.41,101.2 4 0
github.com/usercurd/stores/mock_interface.go:104.69,107.2 2 0
github.com/usercurd/stores/users/store.go:14.34,16.2 1 0
github.com/usercurd/stores/users/store.go:18.66,21.15 3 0
github.com/usercurd/stores/users/store.go:26.2,26.16 1 0
github.com/usercurd/stores/users/store.go:29.2,30.16 2 0
github.com/usercurd/stores/users/store.go:33.2,33.17 1 0
github.com/usercurd/stores/users/store.go:21.15,22.17 1 0
github.com/usercurd/stores/users/store.go:22.17,24.4 1 0
github.com/usercurd/stores/users/store.go:26.16,28.3 1 0
github.com/usercurd/stores/users/store.go:30.16,32.3 1 0
github.com/usercurd/stores/users/store.go:36.53,40.15 4 0
github.com/usercurd/stores/users/store.go:46.2,46.16 1 0
github.com/usercurd/stores/users/store.go:49.2,49.18 1 0
github.com/usercurd/stores/users/store.go:54.2,55.19 2 0
github.com/usercurd/stores/users/store.go:40.15,41.17 1 0
github.com/usercurd/stores/users/store.go:41.17,43.4 1 0
github.com/usercurd/stores/users/store.go:46.16,48.3 1 0
github.com/usercurd/stores/users/store.go:49.18,53.3 3 0
github.com/usercurd/stores/users/store.go:58.58,64.2 5 0
github.com/usercurd/stores/users/store.go:66.55,69.16 3 0
github.com/usercurd/stores/users/store.go:72.2,73.16 2 0
github.com/usercurd/stores/users/store.go:76.2,76.12 1 0
github.com/usercurd/stores/users/store.go:69.16,71.3 1 0
github.com/usercurd/stores/users/store.go:73.16,75.3 1 0
github.com/usercurd/stores/users/store.go:79.42,83.2 3 0
github.com/usercurd/stores/mock_interface.go:25.53,29.2 3 1
github.com/usercurd/stores/mock_interface.go:32.51,34.2 1 1
github.com/usercurd/stores/mock_interface.go:37.65,43.2 5 1
github.com/usercurd/stores/mock_interface.go:46.70,49.2 2 1
github.com/usercurd/stores/mock_interface.go:52.52,58.2 5 1
github.com/usercurd/stores/mock_interface.go:61.55,64.2 2 1
github.com/usercurd/stores/mock_interface.go:67.57,73.2 5 1
github.com/usercurd/stores/mock_interface.go:76.70,79.2 2 1
github.com/usercurd/stores/mock_interface.go:82.54,87.2 4 1
github.com/usercurd/stores/mock_interface.go:90.75,93.2 2 1
github.com/usercurd/stores/mock_interface.go:96.41,101.2 4 1
github.com/usercurd/stores/mock_interface.go:104.69,107.2 2 1
github.com/usercurd/stores/users/store.go:14.34,16.2 1 0
github.com/usercurd/stores/users/store.go:18.66,21.15 3 0
github.com/usercurd/stores/users/store.go:26.2,26.16 1 0
github.com/usercurd/stores/users/store.go:29.2,30.16 2 0
github.com/usercurd/stores/users/store.go:33.2,33.17 1 0
github.com/usercurd/stores/users/store.go:21.15,22.17 1 0
github.com/usercurd/stores/users/store.go:22.17,24.4 1 0
github.com/usercurd/stores/users/store.go:26.16,28.3 1 0
github.com/usercurd/stores/users/store.go:30.16,32.3 1 0
github.com/usercurd/stores/users/store.go:36.53,40.15 4 0
github.com/usercurd/stores/users/store.go:46.2,46.16 1 0
github.com/usercurd/stores/users/store.go:49.2,49.18 1 0
github.com/usercurd/stores/users/store.go:54.2,55.19 2 0
github.com/usercurd/stores/users/store.go:40.15,41.17 1 0
github.com/usercurd/stores/users/store.go:41.17,43.4 1 0
github.com/usercurd/stores/users/store.go:46.16,48.3 1 0
github.com/usercurd/stores/users/store.go:49.18,53.3 3 0
github.com/usercurd/stores/users/store.go:58.58,64.2 5 0
github.com/usercurd/stores/users/store.go:66.55,69.16 3 0
github.com/usercurd/stores/users/store.go:72.2,73.16 2 0
github.com/usercurd/stores/users/store.go:76.2,76.12 1 0
github.com/usercurd/stores/users/store.go:69.16,71.3 1 0
github.com/usercurd/stores/users/store.go:73.16,75.3 1 0
github.com/usercurd/stores/users/store.go:79.42,83.2 3 0
github.com/usercurd/main.go:15.13,17.16 2 0
github.com/usercurd/main.go:20.2,33.22 11 0
github.com/usercurd/main.go:17.16,19.3 1 0
github.com/usercurd/services/users/services.go:14.40,16.2 1 1
github.com/usercurd/services/users/services.go:17.64,20.2 2 1
github.com/usercurd/services/users/services.go:22.51,26.2 3 1
github.com/usercurd/services/users/services.go:28.56,31.2 2 1
github.com/usercurd/services/users/services.go:33.53,36.2 2 1
github.com/usercurd/services/users/services.go:38.55,42.16 2 1
github.com/usercurd/services/users/services.go:45.2,46.16 2 1
github.com/usercurd/services/users/services.go:49.2,49.17 1 1
github.com/usercurd/services/users/services.go:42.16,44.3 1 1
github.com/usercurd/services/users/services.go:46.16,48.3 1 1
github.com/usercurd/services/mock_interface.go:25.53,29.2 3 0
github.com/usercurd/services/mock_interface.go:32.51,34.2 1 0
github.com/usercurd/services/mock_interface.go:37.65,43.2 5 0
github.com/usercurd/services/mock_interface.go:46.70,49.2 2 0
github.com/usercurd/services/mock_interface.go:52.52,58.2 5 0
github.com/usercurd/services/mock_interface.go:61.55,64.2 2 0
github.com/usercurd/services/mock_interface.go:67.57,73.2 5 0
github.com/usercurd/services/mock_interface.go:76.70,79.2 2 0
github.com/usercurd/services/mock_interface.go:82.54,87.2 4 0
github.com/usercurd/services/mock_interface.go:90.75,93.2 2 0
github.com/usercurd/services/mock_interface.go:96.56,102.2 5 0
github.com/usercurd/services/mock_interface.go:105.69,108.2 2 0
github.com/usercurd/handler/users/http.go:18.72,26.16 5 0
github.com/usercurd/handler/users/http.go:32.2,34.16 2 0
github.com/usercurd/handler/users/http.go:39.2,41.30 3 0
github.com/usercurd/handler/users/http.go:26.16,31.3 3 0
github.com/usercurd/handler/users/http.go:34.16,38.3 3 0
github.com/usercurd/handler/users/http.go:44.71,47.16 3 0
github.com/usercurd/handler/users/http.go:52.2,54.30 3 0
github.com/usercurd/handler/users/http.go:47.16,51.3 3 0
github.com/usercurd/handler/users/http.go:57.71,63.16 5 0
github.com/usercurd/handler/users/http.go:69.2,71.16 2 0
github.com/usercurd/handler/users/http.go:77.2,80.33 4 0
github.com/usercurd/handler/users/http.go:63.16,68.3 4 0
github.com/usercurd/handler/users/http.go:71.16,76.3 3 0
github.com/usercurd/handler/users/http.go:83.71,89.16 5 0
github.com/usercurd/handler/users/http.go:95.2,97.16 2 0
github.com/usercurd/handler/users/http.go:104.2,105.12 2 0
github.com/usercurd/handler/users/http.go:89.16,94.3 4 0
github.com/usercurd/handler/users/http.go:97.16,103.3 3 0
github.com/usercurd/handler/users/http.go:108.71,116.16 5 0
github.com/usercurd/handler/users/http.go:121.2,123.16 2 0
github.com/usercurd/handler/users/http.go:128.2,129.12 2 0
github.com/usercurd/handler/users/http.go:116.16,120.3 3 0
github.com/usercurd/handler/users/http.go:123.16,127.3 3 0
github.com/usercurd/services/mock_interface.go:25.53,29.2 3 0
github.com/usercurd/services/mock_interface.go:32.51,34.2 1 0
github.com/usercurd/services/mock_interface.go:37.65,43.2 5 0
github.com/usercurd/services/mock_interface.go:46.70,49.2 2 0
github.com/usercurd/services/mock_interface.go:52.52,58.2 5 0
github.com/usercurd/services/mock_interface.go:61.55,64.2 2 0
github.com/usercurd/services/mock_interface.go:67.57,73.2 5 0
github.com/usercurd/services/mock_interface.go:76.70,79.2 2 0
github.com/usercurd/services/mock_interface.go:82.54,87.2 4 0
github.com/usercurd/services/mock_interface.go:90.75,93.2 2 0
github.com/usercurd/services/mock_interface.go:96.56,102.2 5 0
github.com/usercurd/services/mock_interface.go:105.69,108.2 2 0
github.com/usercurd/handler/users/http.go:18.72,26.16 5 0
github.com/usercurd/handler/users/http.go:32.2,34.16 2 0
github.com/usercurd/handler/users/http.go:39.2,41.30 3 0
github.com/usercurd/handler/users/http.go:26.16,31.3 3 0
github.com/usercurd/handler/users/http.go:34.16,38.3 3 0
github.com/usercurd/handler/users/http.go:44.71,47.16 3 0
github.com/usercurd/handler/users/http.go:52.2,54.30 3 0
github.com/usercurd/handler/users/http.go:47.16,51.3 3 0
github.com/usercurd/handler/users/http.go:57.71,63.16 5 0
github.com/usercurd/handler/users/http.go:69.2,71.16 2 0
github.com/usercurd/handler/users/http.go:77.2,80.33 4 0
github.com/usercurd/handler/users/http.go:63.16,68.3 4 0
github.com/usercurd/handler/users/http.go:71.16,76.3 3 0
github.com/usercurd/handler/users/http.go:83.71,89.16 5 0
github.com/usercurd/handler/users/http.go:95.2,97.16 2 0
github.com/usercurd/handler/users/http.go:104.2,105.12 2 0
github.com/usercurd/handler/users/http.go:89.16,94.3 4 0
github.com/usercurd/handler/users/http.go:97.16,103.3 3 0
github.com/usercurd/handler/users/http.go:108.71,116.16 5 0
github.com/usercurd/handler/users/http.go:121.2,123.16 2 0
github.com/usercurd/handler/users/http.go:128.2,129.12 2 0
github.com/usercurd/handler/users/http.go:116.16,120.3 3 0
github.com/usercurd/handler/users/http.go:123.16,127.3 3 0
github.com/usercurd/stores/mock_interface.go:25.53,29.2 3 0
github.com/usercurd/stores/mock_interface.go:32.51,34.2 1 0
github.com/usercurd/stores/mock_interface.go:37.65,43.2 5 0
github.com/usercurd/stores/mock_interface.go:46.70,49.2 2 0
github.com/usercurd/stores/mock_interface.go:52.52,58.2 5 0
github.com/usercurd/stores/mock_interface.go:61.55,64.2 2 0
github.com/usercurd/stores/mock_interface.go:67.57,73.2 5 0
github.com/usercurd/stores/mock_interface.go:76.70,79.2 2 0
github.com/usercurd/stores/mock_interface.go:82.54,87.2 4 0
github.com/usercurd/stores/mock_interface.go:90.75,93.2 2 0
github.com/usercurd/stores/mock_interface.go:96.41,101.2 4 0
github.com/usercurd/stores/mock_interface.go:104.69,107.2 2 0
github.com/usercurd/services/users/services.go:14.40,16.2 1 0
github.com/usercurd/services/users/services.go:17.64,20.2 2 0
github.com/usercurd/services/users/services.go:22.51,26.2 3 0
github.com/usercurd/services/users/services.go:28.56,31.2 2 0
github.com/usercurd/services/users/services.go:33.53,36.2 2 0
github.com/usercurd/services/users/services.go:38.55,42.16 2 0
github.com/usercurd/services/users/services.go:45.2,46.16 2 0
github.com/usercurd/services/users/services.go:49.2,49.17 1 0
github.com/usercurd/services/users/services.go:42.16,44.3 1 0
github.com/usercurd/services/users/services.go:46.16,48.3 1 0
github.com/usercurd/main.go:15.13,17.16 2 0
github.com/usercurd/main.go:20.2,33.22 11 0
github.com/usercurd/main.go:17.16,19.3 1 0
github.com/usercurd/stores/users/store.go:14.34,16.2 1 1
github.com/usercurd/stores/users/store.go:18.66,21.15 3 1
github.com/usercurd/stores/users/store.go:26.2,26.16 1 1
github.com/usercurd/stores/users/store.go:29.2,30.16 2 1
github.com/usercurd/stores/users/store.go:33.2,33.17 1 1
github.com/usercurd/stores/users/store.go:21.15,22.17 1 1
github.com/usercurd/stores/users/store.go:22.17,24.4 1 1
github.com/usercurd/stores/users/store.go:26.16,28.3 1 1
github.com/usercurd/stores/users/store.go:30.16,32.3 1 1
github.com/usercurd/stores/users/store.go:36.53,40.15 4 1
github.com/usercurd/stores/users/store.go:46.2,46.16 1 1
github.com/usercurd/stores/users/store.go:49.2,49.18 1 1
github.com/usercurd/stores/users/store.go:54.2,55.19 2 1
github.com/usercurd/stores/users/store.go:40.15,41.17 1 1
github.com/usercurd/stores/users/store.go:41.17,43.4 1 1
github.com/usercurd/stores/users/store.go:46.16,48.3 1 1
github.com/usercurd/stores/users/store.go:49.18,53.3 3 1
github.com/usercurd/stores/users/store.go:58.58,64.2 5 1
github.com/usercurd/stores/users/store.go:66.55,69.16 3 0
github.com/usercurd/stores/users/store.go:72.2,73.16 2 0
github.com/usercurd/stores/users/store.go:76.2,76.12 1 0
github.com/usercurd/stores/users/store.go:69.16,71.3 1 0
github.com/usercurd/stores/users/store.go:73.16,75.3 1 0
github.com/usercurd/stores/users/store.go:79.42,83.2 3 1
